<?xml version="1.0" encoding="UTF-8"?>
<testsuite xmlns:xsi="http://www.w3.org/2001/XMLSchema-instance" xsi:noNamespaceSchemaLocation="https://maven.apache.org/surefire/maven-surefire-plugin/xsd/surefire-test-report-3.0.xsd" version="3.0" name="com.saucedemo.exercises.E2ETests" time="17.481" tests="4" errors="3" skipped="0" failures="0">
  <properties>
    <property name="awt.toolkit" value="sun.awt.X11.XToolkit"/>
    <property name="java.specification.version" value="11"/>
    <property name="sun.cpu.isalist" value=""/>
    <property name="sun.jnu.encoding" value="UTF-8"/>
    <property name="java.class.path" value="/workspace/selenium-automation-advanced/target/test-classes:/workspace/selenium-automation-advanced/target/classes:/workspace/m2-repository/com/saucelabs/sauce_bindings/1.2.0/sauce_bindings-1.2.0.jar:/workspace/m2-repository/org/projectlombok/lombok/1.18.20/lombok-1.18.20.jar:/workspace/m2-repository/junit/junit/4.13.1/junit-4.13.1.jar:/workspace/m2-repository/org/hamcrest/hamcrest-core/1.3/hamcrest-core-1.3.jar:/workspace/m2-repository/com/deque/html/axe-core/selenium/4.2.2/selenium-4.2.2.jar:/workspace/m2-repository/commons-io/commons-io/2.8.0/commons-io-2.8.0.jar:/workspace/m2-repository/com/squareup/okhttp3/okhttp/3.12.12/okhttp-3.12.12.jar:/workspace/m2-repository/com/squareup/okio/okio/1.15.0/okio-1.15.0.jar:/workspace/m2-repository/com/google/guava/guava/30.1-jre/guava-30.1-jre.jar:/workspace/m2-repository/com/google/guava/failureaccess/1.0.1/failureaccess-1.0.1.jar:/workspace/m2-repository/com/google/guava/listenablefuture/9999.0-empty-to-avoid-conflict-with-guava/listenablefuture-9999.0-empty-to-avoid-conflict-with-guava.jar:/workspace/m2-repository/com/google/code/findbugs/jsr305/3.0.2/jsr305-3.0.2.jar:/workspace/m2-repository/org/checkerframework/checker-qual/3.5.0/checker-qual-3.5.0.jar:/workspace/m2-repository/com/google/errorprone/error_prone_annotations/2.3.4/error_prone_annotations-2.3.4.jar:/workspace/m2-repository/com/google/j2objc/j2objc-annotations/1.3/j2objc-annotations-1.3.jar:/workspace/m2-repository/io/github/bonigarcia/webdrivermanager/4.2.2/webdrivermanager-4.2.2.jar:/workspace/m2-repository/org/slf4j/slf4j-api/1.7.30/slf4j-api-1.7.30.jar:/workspace/m2-repository/com/google/code/gson/gson/2.8.6/gson-2.8.6.jar:/workspace/m2-repository/org/apache/httpcomponents/client5/httpclient5/5.0.1/httpclient5-5.0.1.jar:/workspace/m2-repository/org/apache/httpcomponents/core5/httpcore5/5.0.1/httpcore5-5.0.1.jar:/workspace/m2-repository/org/apache/httpcomponents/core5/httpcore5-h2/5.0.1/httpcore5-h2-5.0.1.jar:/workspace/m2-repository/commons-codec/commons-codec/1.13/commons-codec-1.13.jar:/workspace/m2-repository/org/rauschig/jarchivelib/1.1.0/jarchivelib-1.1.0.jar:/workspace/m2-repository/org/apache/commons/commons-compress/1.20/commons-compress-1.20.jar:/workspace/m2-repository/org/jsoup/jsoup/1.13.1/jsoup-1.13.1.jar:/workspace/m2-repository/org/json/json/20200518/json-20200518.jar:/workspace/m2-repository/org/apache/commons/commons-lang3/3.11/commons-lang3-3.11.jar:/workspace/m2-repository/com/fasterxml/jackson/core/jackson-databind/2.11.1/jackson-databind-2.11.1.jar:/workspace/m2-repository/com/fasterxml/jackson/core/jackson-annotations/2.11.1/jackson-annotations-2.11.1.jar:/workspace/m2-repository/com/fasterxml/jackson/core/jackson-core/2.11.1/jackson-core-2.11.1.jar:/workspace/m2-repository/org/seleniumhq/selenium/selenium-java/4.0.0/selenium-java-4.0.0.jar:/workspace/m2-repository/org/seleniumhq/selenium/selenium-api/4.0.0/selenium-api-4.0.0.jar:/workspace/m2-repository/org/seleniumhq/selenium/selenium-chrome-driver/4.0.0/selenium-chrome-driver-4.0.0.jar:/workspace/m2-repository/com/google/auto/service/auto-service-annotations/1.0/auto-service-annotations-1.0.jar:/workspace/m2-repository/com/google/auto/service/auto-service/1.0/auto-service-1.0.jar:/workspace/m2-repository/com/google/auto/auto-common/1.0/auto-common-1.0.jar:/workspace/m2-repository/org/seleniumhq/selenium/selenium-chromium-driver/4.0.0/selenium-chromium-driver-4.0.0.jar:/workspace/m2-repository/org/seleniumhq/selenium/selenium-json/4.0.0/selenium-json-4.0.0.jar:/workspace/m2-repository/org/seleniumhq/selenium/selenium-devtools-v85/4.0.0/selenium-devtools-v85-4.0.0.jar:/workspace/m2-repository/org/seleniumhq/selenium/selenium-devtools-v93/4.0.0/selenium-devtools-v93-4.0.0.jar:/workspace/m2-repository/org/seleniumhq/selenium/selenium-devtools-v94/4.0.0/selenium-devtools-v94-4.0.0.jar:/workspace/m2-repository/org/seleniumhq/selenium/selenium-devtools-v95/4.0.0/selenium-devtools-v95-4.0.0.jar:/workspace/m2-repository/org/seleniumhq/selenium/selenium-edge-driver/4.0.0/selenium-edge-driver-4.0.0.jar:/workspace/m2-repository/org/seleniumhq/selenium/selenium-firefox-driver/4.0.0/selenium-firefox-driver-4.0.0.jar:/workspace/m2-repository/org/seleniumhq/selenium/selenium-firefox-xpi-driver/4.0.0/selenium-firefox-xpi-driver-4.0.0.jar:/workspace/m2-repository/org/seleniumhq/selenium/selenium-ie-driver/4.0.0/selenium-ie-driver-4.0.0.jar:/workspace/m2-repository/org/seleniumhq/selenium/selenium-opera-driver/4.0.0/selenium-opera-driver-4.0.0.jar:/workspace/m2-repository/org/seleniumhq/selenium/selenium-remote-driver/4.0.0/selenium-remote-driver-4.0.0.jar:/workspace/m2-repository/com/beust/jcommander/1.81/jcommander-1.81.jar:/workspace/m2-repository/io/netty/netty-buffer/4.1.68.Final/netty-buffer-4.1.68.Final.jar:/workspace/m2-repository/io/netty/netty-codec-http/4.1.67.Final/netty-codec-http-4.1.67.Final.jar:/workspace/m2-repository/io/netty/netty-codec/4.1.67.Final/netty-codec-4.1.67.Final.jar:/workspace/m2-repository/io/netty/netty-handler/4.1.67.Final/netty-handler-4.1.67.Final.jar:/workspace/m2-repository/io/netty/netty-common/4.1.68.Final/netty-common-4.1.68.Final.jar:/workspace/m2-repository/io/netty/netty-transport-native-epoll/4.1.67.Final/netty-transport-native-epoll-4.1.67.Final.jar:/workspace/m2-repository/io/netty/netty-transport-native-kqueue/4.1.67.Final/netty-transport-native-kqueue-4.1.67.Final.jar:/workspace/m2-repository/io/netty/netty-transport-native-unix-common/4.1.67.Final/netty-transport-native-unix-common-4.1.67.Final.jar:/workspace/m2-repository/io/netty/netty-transport/4.1.68.Final/netty-transport-4.1.68.Final.jar:/workspace/m2-repository/io/netty/netty-resolver/4.1.68.Final/netty-resolver-4.1.68.Final.jar:/workspace/m2-repository/io/opentelemetry/opentelemetry-api/1.6.0/opentelemetry-api-1.6.0.jar:/workspace/m2-repository/io/opentelemetry/opentelemetry-context/1.6.0/opentelemetry-context-1.6.0.jar:/workspace/m2-repository/io/opentelemetry/opentelemetry-exporter-logging/1.6.0/opentelemetry-exporter-logging-1.6.0.jar:/workspace/m2-repository/io/opentelemetry/opentelemetry-sdk-metrics/1.6.0-alpha/opentelemetry-sdk-metrics-1.6.0-alpha.jar:/workspace/m2-repository/io/opentelemetry/opentelemetry-sdk-common/1.6.0/opentelemetry-sdk-common-1.6.0.jar:/workspace/m2-repository/io/opentelemetry/opentelemetry-sdk-extension-autoconfigure-spi/1.6.0/opentelemetry-sdk-extension-autoconfigure-spi-1.6.0.jar:/workspace/m2-repository/io/opentelemetry/opentelemetry-sdk-extension-autoconfigure/1.6.0-alpha/opentelemetry-sdk-extension-autoconfigure-1.6.0-alpha.jar:/workspace/m2-repository/io/opentelemetry/opentelemetry-sdk-trace/1.6.0/opentelemetry-sdk-trace-1.6.0.jar:/workspace/m2-repository/io/opentelemetry/opentelemetry-api-metrics/1.6.0-alpha/opentelemetry-api-metrics-1.6.0-alpha.jar:/workspace/m2-repository/io/opentelemetry/opentelemetry-sdk/1.6.0/opentelemetry-sdk-1.6.0.jar:/workspace/m2-repository/io/opentelemetry/opentelemetry-semconv/1.6.0-alpha/opentelemetry-semconv-1.6.0-alpha.jar:/workspace/m2-repository/io/ous/jtoml/2.0.0/jtoml-2.0.0.jar:/workspace/m2-repository/net/bytebuddy/byte-buddy/1.11.19/byte-buddy-1.11.19.jar:/workspace/m2-repository/org/apache/commons/commons-exec/1.3/commons-exec-1.3.jar:/workspace/m2-repository/org/asynchttpclient/async-http-client/2.12.3/async-http-client-2.12.3.jar:/workspace/m2-repository/org/asynchttpclient/async-http-client-netty-utils/2.12.3/async-http-client-netty-utils-2.12.3.jar:/workspace/m2-repository/io/netty/netty-codec-socks/4.1.60.Final/netty-codec-socks-4.1.60.Final.jar:/workspace/m2-repository/io/netty/netty-handler-proxy/4.1.60.Final/netty-handler-proxy-4.1.60.Final.jar:/workspace/m2-repository/io/netty/netty-transport-native-epoll/4.1.60.Final/netty-transport-native-epoll-4.1.60.Final-linux-x86_64.jar:/workspace/m2-repository/io/netty/netty-transport-native-kqueue/4.1.60.Final/netty-transport-native-kqueue-4.1.60.Final-osx-x86_64.jar:/workspace/m2-repository/org/reactivestreams/reactive-streams/1.0.3/reactive-streams-1.0.3.jar:/workspace/m2-repository/com/typesafe/netty/netty-reactive-streams/2.0.4/netty-reactive-streams-2.0.4.jar:/workspace/m2-repository/com/sun/activation/jakarta.activation/1.2.2/jakarta.activation-1.2.2.jar:/workspace/m2-repository/org/seleniumhq/selenium/selenium-http/4.0.0/selenium-http-4.0.0.jar:/workspace/m2-repository/org/seleniumhq/selenium/selenium-safari-driver/4.0.0/selenium-safari-driver-4.0.0.jar:/workspace/m2-repository/org/seleniumhq/selenium/selenium-support/4.0.0/selenium-support-4.0.0.jar:/workspace/m2-repository/com/saucelabs/saucebindings-junit4/1.0.1/saucebindings-junit4-1.0.1.jar:"/>
    <property name="java.vm.vendor" value="Azul Systems, Inc."/>
    <property name="sun.arch.data.model" value="64"/>
    <property name="java.vendor.url" value="http://www.azul.com/"/>
    <property name="user.timezone" value="Etc/UTC"/>
    <property name="java.vm.specification.version" value="11"/>
    <property name="os.name" value="Linux"/>
    <property name="sun.java.launcher" value="SUN_STANDARD"/>
    <property name="user.country" value="US"/>
    <property name="sun.boot.library.path" value="/home/gitpod/.sdkman/candidates/java/11.0.16.fx-zulu/lib"/>
    <property name="sun.java.command" value="/workspace/selenium-automation-advanced/target/surefire/surefirebooter7118034486199296184.jar /workspace/selenium-automation-advanced/target/surefire 2022-08-10T13-54-23_122-jvmRun1 surefire12538978767627756248tmp surefire_015778027848595170031tmp"/>
    <property name="jdk.debug" value="release"/>
    <property name="test" value="E2ETests"/>
    <property name="surefire.test.class.path" value="/workspace/selenium-automation-advanced/target/test-classes:/workspace/selenium-automation-advanced/target/classes:/workspace/m2-repository/com/saucelabs/sauce_bindings/1.2.0/sauce_bindings-1.2.0.jar:/workspace/m2-repository/org/projectlombok/lombok/1.18.20/lombok-1.18.20.jar:/workspace/m2-repository/junit/junit/4.13.1/junit-4.13.1.jar:/workspace/m2-repository/org/hamcrest/hamcrest-core/1.3/hamcrest-core-1.3.jar:/workspace/m2-repository/com/deque/html/axe-core/selenium/4.2.2/selenium-4.2.2.jar:/workspace/m2-repository/commons-io/commons-io/2.8.0/commons-io-2.8.0.jar:/workspace/m2-repository/com/squareup/okhttp3/okhttp/3.12.12/okhttp-3.12.12.jar:/workspace/m2-repository/com/squareup/okio/okio/1.15.0/okio-1.15.0.jar:/workspace/m2-repository/com/google/guava/guava/30.1-jre/guava-30.1-jre.jar:/workspace/m2-repository/com/google/guava/failureaccess/1.0.1/failureaccess-1.0.1.jar:/workspace/m2-repository/com/google/guava/listenablefuture/9999.0-empty-to-avoid-conflict-with-guava/listenablefuture-9999.0-empty-to-avoid-conflict-with-guava.jar:/workspace/m2-repository/com/google/code/findbugs/jsr305/3.0.2/jsr305-3.0.2.jar:/workspace/m2-repository/org/checkerframework/checker-qual/3.5.0/checker-qual-3.5.0.jar:/workspace/m2-repository/com/google/errorprone/error_prone_annotations/2.3.4/error_prone_annotations-2.3.4.jar:/workspace/m2-repository/com/google/j2objc/j2objc-annotations/1.3/j2objc-annotations-1.3.jar:/workspace/m2-repository/io/github/bonigarcia/webdrivermanager/4.2.2/webdrivermanager-4.2.2.jar:/workspace/m2-repository/org/slf4j/slf4j-api/1.7.30/slf4j-api-1.7.30.jar:/workspace/m2-repository/com/google/code/gson/gson/2.8.6/gson-2.8.6.jar:/workspace/m2-repository/org/apache/httpcomponents/client5/httpclient5/5.0.1/httpclient5-5.0.1.jar:/workspace/m2-repository/org/apache/httpcomponents/core5/httpcore5/5.0.1/httpcore5-5.0.1.jar:/workspace/m2-repository/org/apache/httpcomponents/core5/httpcore5-h2/5.0.1/httpcore5-h2-5.0.1.jar:/workspace/m2-repository/commons-codec/commons-codec/1.13/commons-codec-1.13.jar:/workspace/m2-repository/org/rauschig/jarchivelib/1.1.0/jarchivelib-1.1.0.jar:/workspace/m2-repository/org/apache/commons/commons-compress/1.20/commons-compress-1.20.jar:/workspace/m2-repository/org/jsoup/jsoup/1.13.1/jsoup-1.13.1.jar:/workspace/m2-repository/org/json/json/20200518/json-20200518.jar:/workspace/m2-repository/org/apache/commons/commons-lang3/3.11/commons-lang3-3.11.jar:/workspace/m2-repository/com/fasterxml/jackson/core/jackson-databind/2.11.1/jackson-databind-2.11.1.jar:/workspace/m2-repository/com/fasterxml/jackson/core/jackson-annotations/2.11.1/jackson-annotations-2.11.1.jar:/workspace/m2-repository/com/fasterxml/jackson/core/jackson-core/2.11.1/jackson-core-2.11.1.jar:/workspace/m2-repository/org/seleniumhq/selenium/selenium-java/4.0.0/selenium-java-4.0.0.jar:/workspace/m2-repository/org/seleniumhq/selenium/selenium-api/4.0.0/selenium-api-4.0.0.jar:/workspace/m2-repository/org/seleniumhq/selenium/selenium-chrome-driver/4.0.0/selenium-chrome-driver-4.0.0.jar:/workspace/m2-repository/com/google/auto/service/auto-service-annotations/1.0/auto-service-annotations-1.0.jar:/workspace/m2-repository/com/google/auto/service/auto-service/1.0/auto-service-1.0.jar:/workspace/m2-repository/com/google/auto/auto-common/1.0/auto-common-1.0.jar:/workspace/m2-repository/org/seleniumhq/selenium/selenium-chromium-driver/4.0.0/selenium-chromium-driver-4.0.0.jar:/workspace/m2-repository/org/seleniumhq/selenium/selenium-json/4.0.0/selenium-json-4.0.0.jar:/workspace/m2-repository/org/seleniumhq/selenium/selenium-devtools-v85/4.0.0/selenium-devtools-v85-4.0.0.jar:/workspace/m2-repository/org/seleniumhq/selenium/selenium-devtools-v93/4.0.0/selenium-devtools-v93-4.0.0.jar:/workspace/m2-repository/org/seleniumhq/selenium/selenium-devtools-v94/4.0.0/selenium-devtools-v94-4.0.0.jar:/workspace/m2-repository/org/seleniumhq/selenium/selenium-devtools-v95/4.0.0/selenium-devtools-v95-4.0.0.jar:/workspace/m2-repository/org/seleniumhq/selenium/selenium-edge-driver/4.0.0/selenium-edge-driver-4.0.0.jar:/workspace/m2-repository/org/seleniumhq/selenium/selenium-firefox-driver/4.0.0/selenium-firefox-driver-4.0.0.jar:/workspace/m2-repository/org/seleniumhq/selenium/selenium-firefox-xpi-driver/4.0.0/selenium-firefox-xpi-driver-4.0.0.jar:/workspace/m2-repository/org/seleniumhq/selenium/selenium-ie-driver/4.0.0/selenium-ie-driver-4.0.0.jar:/workspace/m2-repository/org/seleniumhq/selenium/selenium-opera-driver/4.0.0/selenium-opera-driver-4.0.0.jar:/workspace/m2-repository/org/seleniumhq/selenium/selenium-remote-driver/4.0.0/selenium-remote-driver-4.0.0.jar:/workspace/m2-repository/com/beust/jcommander/1.81/jcommander-1.81.jar:/workspace/m2-repository/io/netty/netty-buffer/4.1.68.Final/netty-buffer-4.1.68.Final.jar:/workspace/m2-repository/io/netty/netty-codec-http/4.1.67.Final/netty-codec-http-4.1.67.Final.jar:/workspace/m2-repository/io/netty/netty-codec/4.1.67.Final/netty-codec-4.1.67.Final.jar:/workspace/m2-repository/io/netty/netty-handler/4.1.67.Final/netty-handler-4.1.67.Final.jar:/workspace/m2-repository/io/netty/netty-common/4.1.68.Final/netty-common-4.1.68.Final.jar:/workspace/m2-repository/io/netty/netty-transport-native-epoll/4.1.67.Final/netty-transport-native-epoll-4.1.67.Final.jar:/workspace/m2-repository/io/netty/netty-transport-native-kqueue/4.1.67.Final/netty-transport-native-kqueue-4.1.67.Final.jar:/workspace/m2-repository/io/netty/netty-transport-native-unix-common/4.1.67.Final/netty-transport-native-unix-common-4.1.67.Final.jar:/workspace/m2-repository/io/netty/netty-transport/4.1.68.Final/netty-transport-4.1.68.Final.jar:/workspace/m2-repository/io/netty/netty-resolver/4.1.68.Final/netty-resolver-4.1.68.Final.jar:/workspace/m2-repository/io/opentelemetry/opentelemetry-api/1.6.0/opentelemetry-api-1.6.0.jar:/workspace/m2-repository/io/opentelemetry/opentelemetry-context/1.6.0/opentelemetry-context-1.6.0.jar:/workspace/m2-repository/io/opentelemetry/opentelemetry-exporter-logging/1.6.0/opentelemetry-exporter-logging-1.6.0.jar:/workspace/m2-repository/io/opentelemetry/opentelemetry-sdk-metrics/1.6.0-alpha/opentelemetry-sdk-metrics-1.6.0-alpha.jar:/workspace/m2-repository/io/opentelemetry/opentelemetry-sdk-common/1.6.0/opentelemetry-sdk-common-1.6.0.jar:/workspace/m2-repository/io/opentelemetry/opentelemetry-sdk-extension-autoconfigure-spi/1.6.0/opentelemetry-sdk-extension-autoconfigure-spi-1.6.0.jar:/workspace/m2-repository/io/opentelemetry/opentelemetry-sdk-extension-autoconfigure/1.6.0-alpha/opentelemetry-sdk-extension-autoconfigure-1.6.0-alpha.jar:/workspace/m2-repository/io/opentelemetry/opentelemetry-sdk-trace/1.6.0/opentelemetry-sdk-trace-1.6.0.jar:/workspace/m2-repository/io/opentelemetry/opentelemetry-api-metrics/1.6.0-alpha/opentelemetry-api-metrics-1.6.0-alpha.jar:/workspace/m2-repository/io/opentelemetry/opentelemetry-sdk/1.6.0/opentelemetry-sdk-1.6.0.jar:/workspace/m2-repository/io/opentelemetry/opentelemetry-semconv/1.6.0-alpha/opentelemetry-semconv-1.6.0-alpha.jar:/workspace/m2-repository/io/ous/jtoml/2.0.0/jtoml-2.0.0.jar:/workspace/m2-repository/net/bytebuddy/byte-buddy/1.11.19/byte-buddy-1.11.19.jar:/workspace/m2-repository/org/apache/commons/commons-exec/1.3/commons-exec-1.3.jar:/workspace/m2-repository/org/asynchttpclient/async-http-client/2.12.3/async-http-client-2.12.3.jar:/workspace/m2-repository/org/asynchttpclient/async-http-client-netty-utils/2.12.3/async-http-client-netty-utils-2.12.3.jar:/workspace/m2-repository/io/netty/netty-codec-socks/4.1.60.Final/netty-codec-socks-4.1.60.Final.jar:/workspace/m2-repository/io/netty/netty-handler-proxy/4.1.60.Final/netty-handler-proxy-4.1.60.Final.jar:/workspace/m2-repository/io/netty/netty-transport-native-epoll/4.1.60.Final/netty-transport-native-epoll-4.1.60.Final-linux-x86_64.jar:/workspace/m2-repository/io/netty/netty-transport-native-kqueue/4.1.60.Final/netty-transport-native-kqueue-4.1.60.Final-osx-x86_64.jar:/workspace/m2-repository/org/reactivestreams/reactive-streams/1.0.3/reactive-streams-1.0.3.jar:/workspace/m2-repository/com/typesafe/netty/netty-reactive-streams/2.0.4/netty-reactive-streams-2.0.4.jar:/workspace/m2-repository/com/sun/activation/jakarta.activation/1.2.2/jakarta.activation-1.2.2.jar:/workspace/m2-repository/org/seleniumhq/selenium/selenium-http/4.0.0/selenium-http-4.0.0.jar:/workspace/m2-repository/org/seleniumhq/selenium/selenium-safari-driver/4.0.0/selenium-safari-driver-4.0.0.jar:/workspace/m2-repository/org/seleniumhq/selenium/selenium-support/4.0.0/selenium-support-4.0.0.jar:/workspace/m2-repository/com/saucelabs/saucebindings-junit4/1.0.1/saucebindings-junit4-1.0.1.jar:"/>
    <property name="sun.cpu.endian" value="little"/>
    <property name="user.home" value="/home/gitpod"/>
    <property name="user.language" value="en"/>
    <property name="java.specification.vendor" value="Oracle Corporation"/>
    <property name="java.version.date" value="2022-07-19"/>
    <property name="java.home" value="/home/gitpod/.sdkman/candidates/java/11.0.16.fx-zulu"/>
    <property name="file.separator" value="/"/>
    <property name="basedir" value="/workspace/selenium-automation-advanced"/>
    <property name="java.vm.compressedOopsMode" value="Zero based"/>
    <property name="line.separator" value="&#10;"/>
    <property name="java.specification.name" value="Java Platform API Specification"/>
    <property name="java.vm.specification.vendor" value="Oracle Corporation"/>
    <property name="jdk.vendor.version" value="Zulu11.58+15-CA"/>
    <property name="java.awt.graphicsenv" value="sun.awt.X11GraphicsEnvironment"/>
    <property name="surefire.real.class.path" value="/workspace/selenium-automation-advanced/target/surefire/surefirebooter7118034486199296184.jar"/>
    <property name="sun.management.compiler" value="HotSpot 64-Bit Tiered Compilers"/>
    <property name="java.runtime.version" value="11.0.16+8-LTS"/>
    <property name="user.name" value="gitpod"/>
    <property name="path.separator" value=":"/>
    <property name="otel.metrics.exporter" value="none"/>
    <property name="os.version" value="5.15.0-43-generic"/>
    <property name="java.runtime.name" value="OpenJDK Runtime Environment"/>
    <property name="otel.traces.exporter" value="none"/>
    <property name="file.encoding" value="UTF-8"/>
    <property name="sun.nio.ch.bugLevel" value=""/>
    <property name="java.vm.name" value="OpenJDK 64-Bit Server VM"/>
    <property name="java.vendor.version" value="Zulu11.58+15-CA"/>
    <property name="localRepository" value="/workspace/m2-repository"/>
    <property name="java.vendor.url.bug" value="http://www.azul.com/support/"/>
    <property name="java.io.tmpdir" value="/tmp"/>
    <property name="java.version" value="11.0.16"/>
    <property name="user.dir" value="/workspace/selenium-automation-advanced"/>
    <property name="os.arch" value="amd64"/>
    <property name="java.vm.specification.name" value="Java Virtual Machine Specification"/>
    <property name="java.awt.printerjob" value="sun.print.PSPrinterJob"/>
    <property name="sun.os.patch.level" value="unknown"/>
    <property name="java.library.path" value="/usr/java/packages/lib:/usr/lib64:/lib64:/lib:/usr/lib"/>
    <property name="java.vm.info" value="mixed mode"/>
    <property name="java.vendor" value="Azul Systems, Inc."/>
    <property name="java.vm.version" value="11.0.16+8-LTS"/>
    <property name="sun.io.unicode.encoding" value="UnicodeLittle"/>
    <property name="java.class.version" value="55.0"/>
  </properties>
  <testcase name="appRenders" classname="com.saucedemo.exercises.E2ETests" time="8.784">
    <system-out><![CDATA[SauceOnDemandSessionID=7b23f65bd6384ccaa1ea5d787cc76e30 job-name=appRenders
Test Job Link: https://app.saucelabs.com/tests/7b23f65bd6384ccaa1ea5d787cc76e30
]]></system-out>
    <system-err><![CDATA[Aug 10, 2022 1:54:29 PM org.openqa.selenium.remote.ProtocolHandshake createSession
INFO: Detected dialect: W3C
]]></system-err>
  </testcase>
  <testcase name="loginWorks" classname="com.saucedemo.exercises.E2ETests" time="16.747">
    <error message="Expected condition failed: waiting for visibility of element located by By.id: inventory_container (tried for 5 second(s) with 500 milliseconds interval)&#10;Build info: version: &apos;4.0.0&apos;, revision: &apos;3a21814679&apos;&#10;System info: host: &apos;nadvolod-seleniumautoma-o57qko3acg1&apos;, ip: &apos;127.0.0.1&apos;, os.name: &apos;Linux&apos;, os.arch: &apos;amd64&apos;, os.version: &apos;5.15.0-43-generic&apos;, java.version: &apos;11.0.16&apos;&#10;Driver info: org.openqa.selenium.remote.RemoteWebDriver&#10;Capabilities {acceptInsecureCerts: false, browserName: chrome, browserVersion: 104.0.5112.81, chrome: {chromedriverVersion: 104.0.5112.29 (eff877e18f76..., userDataDir: C:\Users\ADMINI~1\AppData\L...}, goog:chromeOptions: {debuggerAddress: localhost:50339}, javascriptEnabled: true, networkConnectionEnabled: false, pageLoadStrategy: normal, platform: WINDOWS, platformName: WINDOWS, proxy: Proxy(), setWindowRect: true, strictFileInteractability: false, timeouts: {implicit: 0, pageLoad: 300000, script: 30000}, unhandledPromptBehavior: dismiss and notify, webauthn:extension:credBlob: true, webauthn:extension:largeBlob: true, webauthn:virtualAuthenticators: true}&#10;Session ID: 6a6663d6c8d941faa517dbb0b1860c8e" type="org.openqa.selenium.TimeoutException"><![CDATA[org.openqa.selenium.TimeoutException: 
Expected condition failed: waiting for visibility of element located by By.id: inventory_container (tried for 5 second(s) with 500 milliseconds interval)
Build info: version: '4.0.0', revision: '3a21814679'
System info: host: 'nadvolod-seleniumautoma-o57qko3acg1', ip: '127.0.0.1', os.name: 'Linux', os.arch: 'amd64', os.version: '5.15.0-43-generic', java.version: '11.0.16'
Driver info: org.openqa.selenium.remote.RemoteWebDriver
Capabilities {acceptInsecureCerts: false, browserName: chrome, browserVersion: 104.0.5112.81, chrome: {chromedriverVersion: 104.0.5112.29 (eff877e18f76..., userDataDir: C:\Users\ADMINI~1\AppData\L...}, goog:chromeOptions: {debuggerAddress: localhost:50339}, javascriptEnabled: true, networkConnectionEnabled: false, pageLoadStrategy: normal, platform: WINDOWS, platformName: WINDOWS, proxy: Proxy(), setWindowRect: true, strictFileInteractability: false, timeouts: {implicit: 0, pageLoad: 300000, script: 30000}, unhandledPromptBehavior: dismiss and notify, webauthn:extension:credBlob: true, webauthn:extension:largeBlob: true, webauthn:virtualAuthenticators: true}
Session ID: 6a6663d6c8d941faa517dbb0b1860c8e
	at com.saucedemo.exercises.E2ETests.loginWorks(E2ETests.java:39)
]]></error>
    <system-out><![CDATA[SauceOnDemandSessionID=6a6663d6c8d941faa517dbb0b1860c8e job-name=loginWorks
Test Job Link: https://app.saucelabs.com/tests/6a6663d6c8d941faa517dbb0b1860c8e
]]></system-out>
    <system-err><![CDATA[Aug 10, 2022 1:54:24 PM org.openqa.selenium.remote.tracing.opentelemetry.OpenTelemetryTracer createTracer
INFO: Using OpenTelemetry for tracing
Aug 10, 2022 1:54:30 PM org.openqa.selenium.remote.ProtocolHandshake createSession
INFO: Detected dialect: W3C
]]></system-err>
  </testcase>
  <testcase name="userCanCheckoutAtomic" classname="com.saucedemo.exercises.E2ETests" time="14.779">
    <error message="Expected condition failed: waiting for visibility of element located by By.cssSelector: #back-to-products (tried for 5 second(s) with 500 milliseconds interval)&#10;Build info: version: &apos;4.0.0&apos;, revision: &apos;3a21814679&apos;&#10;System info: host: &apos;nadvolod-seleniumautoma-o57qko3acg1&apos;, ip: &apos;127.0.0.1&apos;, os.name: &apos;Linux&apos;, os.arch: &apos;amd64&apos;, os.version: &apos;5.15.0-43-generic&apos;, java.version: &apos;11.0.16&apos;&#10;Driver info: org.openqa.selenium.remote.RemoteWebDriver&#10;Capabilities {acceptInsecureCerts: false, browserName: chrome, browserVersion: 104.0.5112.81, chrome: {chromedriverVersion: 104.0.5112.29 (eff877e18f76..., userDataDir: C:\Users\ADMINI~1\AppData\L...}, goog:chromeOptions: {debuggerAddress: localhost:49743}, javascriptEnabled: true, networkConnectionEnabled: false, pageLoadStrategy: normal, platform: WINDOWS, platformName: WINDOWS, proxy: Proxy(), setWindowRect: true, strictFileInteractability: false, timeouts: {implicit: 0, pageLoad: 300000, script: 30000}, unhandledPromptBehavior: dismiss and notify, webauthn:extension:credBlob: true, webauthn:extension:largeBlob: true, webauthn:virtualAuthenticators: true}&#10;Session ID: 7cce7066142e4e9dbc79f4b6a87ff0c6" type="org.openqa.selenium.TimeoutException"><![CDATA[org.openqa.selenium.TimeoutException: 
Expected condition failed: waiting for visibility of element located by By.cssSelector: #back-to-products (tried for 5 second(s) with 500 milliseconds interval)
Build info: version: '4.0.0', revision: '3a21814679'
System info: host: 'nadvolod-seleniumautoma-o57qko3acg1', ip: '127.0.0.1', os.name: 'Linux', os.arch: 'amd64', os.version: '5.15.0-43-generic', java.version: '11.0.16'
Driver info: org.openqa.selenium.remote.RemoteWebDriver
Capabilities {acceptInsecureCerts: false, browserName: chrome, browserVersion: 104.0.5112.81, chrome: {chromedriverVersion: 104.0.5112.29 (eff877e18f76..., userDataDir: C:\Users\ADMINI~1\AppData\L...}, goog:chromeOptions: {debuggerAddress: localhost:49743}, javascriptEnabled: true, networkConnectionEnabled: false, pageLoadStrategy: normal, platform: WINDOWS, platformName: WINDOWS, proxy: Proxy(), setWindowRect: true, strictFileInteractability: false, timeouts: {implicit: 0, pageLoad: 300000, script: 30000}, unhandledPromptBehavior: dismiss and notify, webauthn:extension:credBlob: true, webauthn:extension:largeBlob: true, webauthn:virtualAuthenticators: true}
Session ID: 7cce7066142e4e9dbc79f4b6a87ff0c6
	at com.saucedemo.exercises.E2ETests.userCanCheckoutAtomic(E2ETests.java:93)
]]></error>
    <system-out><![CDATA[SauceOnDemandSessionID=7cce7066142e4e9dbc79f4b6a87ff0c6 job-name=userCanCheckoutAtomic
Test Job Link: https://app.saucelabs.com/tests/7cce7066142e4e9dbc79f4b6a87ff0c6
]]></system-out>
    <system-err><![CDATA[Aug 10, 2022 1:54:29 PM org.openqa.selenium.remote.ProtocolHandshake createSession
INFO: Detected dialect: W3C
]]></system-err>
  </testcase>
  <testcase name="userCanCheckout" classname="com.saucedemo.exercises.E2ETests" time="17.48">
    <error message="Expected condition failed: waiting for visibility of element located by By.cssSelector: #back-to-products (tried for 5 second(s) with 500 milliseconds interval)&#10;Build info: version: &apos;4.0.0&apos;, revision: &apos;3a21814679&apos;&#10;System info: host: &apos;nadvolod-seleniumautoma-o57qko3acg1&apos;, ip: &apos;127.0.0.1&apos;, os.name: &apos;Linux&apos;, os.arch: &apos;amd64&apos;, os.version: &apos;5.15.0-43-generic&apos;, java.version: &apos;11.0.16&apos;&#10;Driver info: org.openqa.selenium.remote.RemoteWebDriver&#10;Capabilities {acceptInsecureCerts: false, browserName: chrome, browserVersion: 104.0.5112.81, chrome: {chromedriverVersion: 104.0.5112.29 (eff877e18f76..., userDataDir: C:\Users\ADMINI~1\AppData\L...}, goog:chromeOptions: {debuggerAddress: localhost:50376}, javascriptEnabled: true, networkConnectionEnabled: false, pageLoadStrategy: normal, platform: WINDOWS, platformName: WINDOWS, proxy: Proxy(), setWindowRect: true, strictFileInteractability: false, timeouts: {implicit: 0, pageLoad: 300000, script: 30000}, unhandledPromptBehavior: dismiss and notify, webauthn:extension:credBlob: true, webauthn:extension:largeBlob: true, webauthn:virtualAuthenticators: true}&#10;Session ID: 6ba94f7739a74d32bf1aeae99d889aeb" type="org.openqa.selenium.TimeoutException"><![CDATA[org.openqa.selenium.TimeoutException: 
Expected condition failed: waiting for visibility of element located by By.cssSelector: #back-to-products (tried for 5 second(s) with 500 milliseconds interval)
Build info: version: '4.0.0', revision: '3a21814679'
System info: host: 'nadvolod-seleniumautoma-o57qko3acg1', ip: '127.0.0.1', os.name: 'Linux', os.arch: 'amd64', os.version: '5.15.0-43-generic', java.version: '11.0.16'
Driver info: org.openqa.selenium.remote.RemoteWebDriver
Capabilities {acceptInsecureCerts: false, browserName: chrome, browserVersion: 104.0.5112.81, chrome: {chromedriverVersion: 104.0.5112.29 (eff877e18f76..., userDataDir: C:\Users\ADMINI~1\AppData\L...}, goog:chromeOptions: {debuggerAddress: localhost:50376}, javascriptEnabled: true, networkConnectionEnabled: false, pageLoadStrategy: normal, platform: WINDOWS, platformName: WINDOWS, proxy: Proxy(), setWindowRect: true, strictFileInteractability: false, timeouts: {implicit: 0, pageLoad: 300000, script: 30000}, unhandledPromptBehavior: dismiss and notify, webauthn:extension:credBlob: true, webauthn:extension:largeBlob: true, webauthn:virtualAuthenticators: true}
Session ID: 6ba94f7739a74d32bf1aeae99d889aeb
	at com.saucedemo.exercises.E2ETests.userCanCheckout(E2ETests.java:53)
]]></error>
    <system-out><![CDATA[SauceOnDemandSessionID=6ba94f7739a74d32bf1aeae99d889aeb job-name=userCanCheckout
Test Job Link: https://app.saucelabs.com/tests/6ba94f7739a74d32bf1aeae99d889aeb
]]></system-out>
    <system-err><![CDATA[SLF4J: Failed to load class "org.slf4j.impl.StaticLoggerBinder".
SLF4J: Defaulting to no-operation (NOP) logger implementation
SLF4J: See http://www.slf4j.org/codes.html#StaticLoggerBinder for further details.
Aug 10, 2022 1:54:30 PM org.openqa.selenium.remote.ProtocolHandshake createSession
INFO: Detected dialect: W3C
]]></system-err>
  </testcase>
</testsuite>